# JRE version: OpenJDK Runtime Environment (8.0_242-b01) (build 1.8.0_242-release-1644-b01)
# Java VM: OpenJDK 64-Bit Server VM (25.242-b01 mixed mode windows-amd64 compressed oops)
Heap:
 PSYoungGen      total 365056K, used 212177K [0x00000000d5580000, 0x00000000f1b80000, 0x0000000100000000)
  eden space 311808K, 50% used [0x00000000d5580000,0x00000000df0b9628,0x00000000e8600000)
  from space 53248K, 99% used [0x00000000ec480000,0x00000000ef87b0c8,0x00000000ef880000)
  to   space 64000K, 0% used [0x00000000e8600000,0x00000000e8600000,0x00000000ec480000)
 ParOldGen       total 203264K, used 63870K [0x0000000080000000, 0x000000008c680000, 0x00000000d5580000)
  object space 203264K, 31% used [0x0000000080000000,0x0000000083e5f9f8,0x000000008c680000)
 Metaspace       used 104206K, capacity 109296K, committed 109900K, reserved 1144832K
  class space    used 13589K, capacity 14636K, committed 14720K, reserved 1048576K
GC Heap History (10 events):
Event: 4754.328 GC heap before
{Heap before GC invocations=26 (full 3):
 PSYoungGen      total 346112K, used 346085K [0x00000000d5580000, 0x00000000ef180000, 0x0000000100000000)
  eden space 310784K, 100% used [0x00000000d5580000,0x00000000e8500000,0x00000000e8500000)
  from space 35328K, 99% used [0x00000000eb300000,0x00000000ed579700,0x00000000ed580000)
  to   space 47104K, 0% used [0x00000000e8500000,0x00000000e8500000,0x00000000eb300000)
 ParOldGen       total 145920K, used 67322K [0x0000000080000000, 0x0000000088e80000, 0x00000000d5580000)
  object space 145920K, 46% used [0x0000000080000000,0x00000000841bea00,0x0000000088e80000)
 Metaspace       used 91131K, capacity 96110K, committed 96384K, reserved 1132544K
  class space    used 11888K, capacity 12879K, committed 12928K, reserved 1048576K
Event: 4754.358 GC heap after
Heap after GC invocations=26 (full 3):
 PSYoungGen      total 332800K, used 33454K [0x00000000d5580000, 0x00000000edb80000, 0x0000000100000000)
  eden space 299008K, 0% used [0x00000000d5580000,0x00000000d5580000,0x00000000e7980000)
  from space 33792K, 99% used [0x00000000e8500000,0x00000000ea5aba28,0x00000000ea600000)
  to   space 50176K, 0% used [0x00000000eaa80000,0x00000000eaa80000,0x00000000edb80000)
 ParOldGen       total 145920K, used 67330K [0x0000000080000000, 0x0000000088e80000, 0x00000000d5580000)
  object space 145920K, 46% used [0x0000000080000000,0x00000000841c0a00,0x0000000088e80000)
 Metaspace       used 91131K, capacity 96110K, committed 96384K, reserved 1132544K
  class space    used 11888K, capacity 12879K, committed 12928K, reserved 1048576K
}
Event: 4756.292 GC heap before
{Heap before GC invocations=27 (full 3):
 PSYoungGen      total 332800K, used 148380K [0x00000000d5580000, 0x00000000edb80000, 0x0000000100000000)
  eden space 299008K, 38% used [0x00000000d5580000,0x00000000dc5bb7b8,0x00000000e7980000)
  from space 33792K, 99% used [0x00000000e8500000,0x00000000ea5aba28,0x00000000ea600000)
  to   space 50176K, 0% used [0x00000000eaa80000,0x00000000eaa80000,0x00000000edb80000)
 ParOldGen       total 145920K, used 67330K [0x0000000080000000, 0x0000000088e80000, 0x00000000d5580000)
  object space 145920K, 46% used [0x0000000080000000,0x00000000841c0a00,0x0000000088e80000)
 Metaspace       used 93156K, capacity 98266K, committed 98380K, reserved 1134592K
  class space    used 12134K, capacity 13131K, committed 13184K, reserved 1048576K
Event: 4756.328 GC heap after
Heap after GC invocations=27 (full 3):
 PSYoungGen      total 336896K, used 41204K [0x00000000d5580000, 0x00000000eda00000, 0x0000000100000000)
  eden space 288256K, 0% used [0x00000000d5580000,0x00000000d5580000,0x00000000e6f00000)
  from space 48640K, 84% used [0x00000000eaa80000,0x00000000ed2bd118,0x00000000eda00000)
  to   space 54784K, 0% used [0x00000000e6f00000,0x00000000e6f00000,0x00000000ea480000)
 ParOldGen       total 145920K, used 67338K [0x0000000080000000, 0x0000000088e80000, 0x00000000d5580000)
  object space 145920K, 46% used [0x0000000080000000,0x00000000841c2a00,0x0000000088e80000)
 Metaspace       used 93156K, capacity 98266K, committed 98380K, reserved 1134592K
  class space    used 12134K, capacity 13131K, committed 13184K, reserved 1048576K
}
Event: 4756.328 GC heap before
{Heap before GC invocations=28 (full 4):
 PSYoungGen      total 336896K, used 41204K [0x00000000d5580000, 0x00000000eda00000, 0x0000000100000000)
  eden space 288256K, 0% used [0x00000000d5580000,0x00000000d5580000,0x00000000e6f00000)
  from space 48640K, 84% used [0x00000000eaa80000,0x00000000ed2bd118,0x00000000eda00000)
  to   space 54784K, 0% used [0x00000000e6f00000,0x00000000e6f00000,0x00000000ea480000)
 ParOldGen       total 145920K, used 67338K [0x0000000080000000, 0x0000000088e80000, 0x00000000d5580000)
  object space 145920K, 46% used [0x0000000080000000,0x00000000841c2a00,0x0000000088e80000)
 Metaspace       used 93156K, capacity 98266K, committed 98380K, reserved 1134592K
  class space    used 12134K, capacity 13131K, committed 13184K, reserved 1048576K
Event: 4756.502 GC heap after
Heap after GC invocations=28 (full 4):
 PSYoungGen      total 336896K, used 0K [0x00000000d5580000, 0x00000000eda00000, 0x0000000100000000)
  eden space 288256K, 0% used [0x00000000d5580000,0x00000000d5580000,0x00000000e6f00000)
  from space 48640K, 0% used [0x00000000eaa80000,0x00000000eaa80000,0x00000000eda00000)
  to   space 54784K, 0% used [0x00000000e6f00000,0x00000000e6f00000,0x00000000ea480000)
 ParOldGen       total 203264K, used 56415K [0x0000000080000000, 0x000000008c680000, 0x00000000d5580000)
  object space 203264K, 27% used [0x0000000080000000,0x0000000083717d98,0x000000008c680000)
 Metaspace       used 91938K, capacity 95752K, committed 98380K, reserved 1134592K
  class space    used 11847K, capacity 12618K, committed 13184K, reserved 1048576K
}
Event: 4760.026 GC heap before
{Heap before GC invocations=29 (full 4):
 PSYoungGen      total 336896K, used 288256K [0x00000000d5580000, 0x00000000eda00000, 0x0000000100000000)
  eden space 288256K, 100% used [0x00000000d5580000,0x00000000e6f00000,0x00000000e6f00000)
  from space 48640K, 0% used [0x00000000eaa80000,0x00000000eaa80000,0x00000000eda00000)
  to   space 54784K, 0% used [0x00000000e6f00000,0x00000000e6f00000,0x00000000ea480000)
 ParOldGen       total 203264K, used 56415K [0x0000000080000000, 0x000000008c680000, 0x00000000d5580000)
  object space 203264K, 27% used [0x0000000080000000,0x0000000083717d98,0x000000008c680000)
 Metaspace       used 97075K, capacity 101116K, committed 103372K, reserved 1138688K
  class space    used 12491K, capacity 13336K, committed 13824K, reserved 1048576K
Event: 4760.046 GC heap after
Heap after GC invocations=29 (full 4):
 PSYoungGen      total 343040K, used 25483K [0x00000000d5580000, 0x00000000ef880000, 0x0000000100000000)
  eden space 288256K, 0% used [0x00000000d5580000,0x00000000d5580000,0x00000000e6f00000)
  from space 54784K, 46% used [0x00000000e6f00000,0x00000000e87e2c90,0x00000000ea480000)
  to   space 53248K, 0% used [0x00000000ec480000,0x00000000ec480000,0x00000000ef880000)
 ParOldGen       total 203264K, used 56423K [0x0000000080000000, 0x000000008c680000, 0x00000000d5580000)
  object space 203264K, 27% used [0x0000000080000000,0x0000000083719d98,0x000000008c680000)
 Metaspace       used 97075K, capacity 101116K, committed 103372K, reserved 1138688K
  class space    used 12491K, capacity 13336K, committed 13824K, reserved 1048576K
}
Event: 4761.283 GC heap before
{Heap before GC invocations=30 (full 4):
 PSYoungGen      total 343040K, used 313739K [0x00000000d5580000, 0x00000000ef880000, 0x0000000100000000)
  eden space 288256K, 100% used [0x00000000d5580000,0x00000000e6f00000,0x00000000e6f00000)
  from space 54784K, 46% used [0x00000000e6f00000,0x00000000e87e2c90,0x00000000ea480000)
  to   space 53248K, 0% used [0x00000000ec480000,0x00000000ec480000,0x00000000ef880000)
 ParOldGen       total 203264K, used 56423K [0x0000000080000000, 0x000000008c680000, 0x00000000d5580000)
  object space 203264K, 27% used [0x0000000080000000,0x0000000083719d98,0x000000008c680000)
 Metaspace       used 102984K, capacity 108052K, committed 108748K, reserved 1142784K
  class space    used 13477K, capacity 14516K, committed 14592K, reserved 1048576K
Event: 4761.331 GC heap after
Heap after GC invocations=30 (full 4):
 PSYoungGen      total 365056K, used 53228K [0x00000000d5580000, 0x00000000f1b80000, 0x0000000100000000)
  eden space 311808K, 0% used [0x00000000d5580000,0x00000000d5580000,0x00000000e8600000)
  from space 53248K, 99% used [0x00000000ec480000,0x00000000ef87b0c8,0x00000000ef880000)
  to   space 64000K, 0% used [0x00000000e8600000,0x00000000e8600000,0x00000000ec480000)
 ParOldGen       total 203264K, used 63870K [0x0000000080000000, 0x000000008c680000, 0x00000000d5580000)
  object space 203264K, 31% used [0x0000000080000000,0x0000000083e5f9f8,0x000000008c680000)
 Metaspace       used 102984K, capacity 108052K, committed 108748K, reserved 1142784K
  class space    used 13477K, capacity 14516K, committed 14592K, reserved 1048576K
}

